<?xml version="1.0" encoding="UTF-8"?>
<testsuite name="User Creation, as a user I want to register in the uTest community" tests="1" skipped="0" failures="0" errors="0" timestamp="2021-11-09T05:45:25" hostname="DESKTOP-1VJU6UE" time="85.998">
  <properties/>
  <testcase name="register a user in the uTest community" classname="User Creation, as a user I want to register in the uTest community" time="85.998"/>
  <system-out><![CDATA[]]></system-out>
  <system-err><![CDATA[[Test worker] WARN net.thucydides.core.steps.BaseStepListener - stepStarted: net.thucydides.core.steps.ExecutedStepDescription@5270abd3
[Test worker] WARN net.thucydides.core.steps.BaseStepListener - stepStarted: net.thucydides.core.steps.ExecutedStepDescription@397086e6
[Test worker] WARN net.thucydides.core.steps.BaseStepListener - stepStarted: net.thucydides.core.steps.ExecutedStepDescription@64a54179
nov 09, 2021 12:45:37 AM org.openqa.selenium.remote.DesiredCapabilities chrome
INFORMACIÓN: Using `new ChromeOptions()` is preferred to `DesiredCapabilities.chrome()`
[Test worker] INFO net.serenitybdd.core.webdriver.driverproviders.ProvideNewDriver - Instantiating driver
[Test worker] INFO net.serenitybdd.core.webdriver.driverproviders.ProvideNewDriver - Driver capabilities: Capabilities {acceptInsecureCerts: false, browserName: chrome, chrome.switches: --start-maximized, goog:chromeOptions: {args: [--start-maximized], extensions: []}, loggingPrefs: org.openqa.selenium.logging..., platform: ANY, version: }
Starting ChromeDriver 94.0.4606.41 (333e85df3c9b656b518b5f1add5ff246365b6c24-refs/branch-heads/4606@{#845}) on port 15913
Only local connections are allowed.
Please see https://chromedriver.chromium.org/security-considerations for suggestions on keeping ChromeDriver safe.
ChromeDriver was started successfully.
[1636436785.988][WARNING]: This version of ChromeDriver has not been tested with Chrome version 95.
nov 09, 2021 12:46:28 AM org.openqa.selenium.remote.ProtocolHandshake createSession
INFORMACIÓN: Detected dialect: W3C
[Test worker] WARN net.thucydides.core.steps.BaseStepListener - stepFinished: current outcome:register a user in the uTest community:Given Julian enters the Join today option [Julian open up [Julian opens the Utest page]]
[Test worker] WARN net.thucydides.core.steps.BaseStepListener - stepFinished: current outcome:register a user in the uTest community:Given Julian enters the Join today option [Julian open up [Julian opens the Utest page]]
[Test worker] WARN net.thucydides.core.steps.BaseStepListener - stepFinished: current outcome:register a user in the uTest community:Given Julian enters the Join today option [Julian open up [Julian opens the Utest page]]
[Test worker] WARN net.thucydides.core.steps.BaseStepListener - stepStarted: net.thucydides.core.steps.ExecutedStepDescription@34a1e178
[Test worker] WARN net.thucydides.core.steps.BaseStepListener - stepFinished: current outcome:register a user in the uTest community:Given Julian enters the Join today option [Julian open up [Julian opens the Utest page]], When you fill in the form fields in Step 1
[Test worker] WARN net.thucydides.core.steps.BaseStepListener - stepStarted: net.thucydides.core.steps.ExecutedStepDescription@56d963c8
[Test worker] WARN net.thucydides.core.steps.BaseStepListener - stepFinished: current outcome:register a user in the uTest community:Given Julian enters the Join today option [Julian open up [Julian opens the Utest page]], When you fill in the form fields in Step 1, And go to Location
[Test worker] WARN net.thucydides.core.steps.BaseStepListener - stepStarted: net.thucydides.core.steps.ExecutedStepDescription@317cf8ae
[Test worker] WARN net.thucydides.core.steps.BaseStepListener - stepFinished: current outcome:register a user in the uTest community:Given Julian enters the Join today option [Julian open up [Julian opens the Utest page]], When you fill in the form fields in Step 1, And go to Location, And fill in the fields in Step 2
[Test worker] WARN net.thucydides.core.steps.BaseStepListener - stepStarted: net.thucydides.core.steps.ExecutedStepDescription@4d8e25a6
[Test worker] WARN net.thucydides.core.steps.BaseStepListener - stepFinished: current outcome:register a user in the uTest community:Given Julian enters the Join today option [Julian open up [Julian opens the Utest page]], When you fill in the form fields in Step 1, And go to Location, And fill in the fields in Step 2, And target devices
[Test worker] WARN net.thucydides.core.steps.BaseStepListener - stepStarted: net.thucydides.core.steps.ExecutedStepDescription@7ccc6f7a
[Test worker] WARN net.thucydides.core.steps.BaseStepListener - stepFinished: current outcome:register a user in the uTest community:Given Julian enters the Join today option [Julian open up [Julian opens the Utest page]], When you fill in the form fields in Step 1, And go to Location, And fill in the fields in Step 2, And target devices, And fill in the fields in Step 3
[Test worker] WARN net.thucydides.core.steps.BaseStepListener - stepStarted: net.thucydides.core.steps.ExecutedStepDescription@251c8ac0
[Test worker] WARN net.thucydides.core.steps.BaseStepListener - stepFinished: current outcome:register a user in the uTest community:Given Julian enters the Join today option [Julian open up [Julian opens the Utest page]], When you fill in the form fields in Step 1, And go to Location, And fill in the fields in Step 2, And target devices, And fill in the fields in Step 3, And go to the last step
[Test worker] WARN net.thucydides.core.steps.BaseStepListener - stepStarted: net.thucydides.core.steps.ExecutedStepDescription@6c27dd80
[Test worker] WARN net.thucydides.core.steps.BaseStepListener - stepFinished: current outcome:register a user in the uTest community:Given Julian enters the Join today option [Julian open up [Julian opens the Utest page]], When you fill in the form fields in Step 1, And go to Location, And fill in the fields in Step 2, And target devices, And fill in the fields in Step 3, And go to the last step, And fill in the fields in Step 4
[Test worker] WARN net.thucydides.core.steps.BaseStepListener - stepStarted: net.thucydides.core.steps.ExecutedStepDescription@35387138
[Test worker] WARN net.thucydides.core.steps.BaseStepListener - stepFinished: current outcome:register a user in the uTest community:Given Julian enters the Join today option [Julian open up [Julian opens the Utest page]], When you fill in the form fields in Step 1, And go to Location, And fill in the fields in Step 2, And target devices, And fill in the fields in Step 3, And go to the last step, And fill in the fields in Step 4, And complete the configuration
[Test worker] WARN net.thucydides.core.steps.BaseStepListener - stepStarted: net.thucydides.core.steps.ExecutedStepDescription@109b45c0
[Test worker] WARN net.thucydides.core.steps.BaseStepListener - stepFinished: current outcome:register a user in the uTest community:Given Julian enters the Join today option [Julian open up [Julian opens the Utest page]], When you fill in the form fields in Step 1, And go to Location, And fill in the fields in Step 2, And target devices, And fill in the fields in Step 3, And go to the last step, And fill in the fields in Step 4, And complete the configuration, Then julian receives a welcome message to the uTest community
[Test worker] WARN net.thucydides.core.steps.BaseStepListener - testFinished: register a user in the uTest community:Given Julian enters the Join today option [Julian open up [Julian opens the Utest page]], When you fill in the form fields in Step 1, And go to Location, And fill in the fields in Step 2, And target devices, And fill in the fields in Step 3, And go to the last step, And fill in the fields in Step 4, And complete the configuration, Then julian receives a welcome message to the uTest community
[Test worker] WARN net.thucydides.core.steps.BaseStepListener - TestOutcomes: [register a user in the uTest community:Given Julian enters the Join today option [Julian open up [Julian opens the Utest page]], When you fill in the form fields in Step 1, And go to Location, And fill in the fields in Step 2, And target devices, And fill in the fields in Step 3, And go to the last step, And fill in the fields in Step 4, And complete the configuration, Then julian receives a welcome message to the uTest community]
[Test worker] WARN net.thucydides.core.steps.BaseStepListener - Final testOutcomes: [register a user in the uTest community:Given Julian enters the Join today option [Julian open up [Julian opens the Utest page]], When you fill in the form fields in Step 1, And go to Location, And fill in the fields in Step 2, And target devices, And fill in the fields in Step 3, And go to the last step, And fill in the fields in Step 4, And complete the configuration, Then julian receives a welcome message to the uTest community]
[Test worker] INFO net.thucydides.core.steps.ConsoleLoggingListener - 
        __    _____ _____ ____ _____   ____   _    ____  ____  _____ ____  
  _     \ \  |_   _| ____/ ___|_   _| |  _ \ / \  / ___|/ ___|| ____|  _ \ 
 (_)_____| |   | | |  _| \___ \ | |   | |_) / _ \ \___ \\___ \|  _| | | | |
  _|_____| |   | | | |___ ___) || |   |  __/ ___ \ ___) |___) | |___| |_| |
 (_)     | |   |_| |_____|____/ |_|   |_| /_/   \_\____/|____/|_____|____/ 
        /_/                                                                

TEST PASSED: register a user in the uTest community
----------------------------------------------------------------------------
]]></system-err>
</testsuite>
